<?xml version="1.0" encoding="UTF-8"?>
<testng-results ignored="0" total="1" passed="1" failed="0" skipped="0">
  <reporter-output>
  </reporter-output>
  <suite started-at="2023-07-13T14:47:03 IST" name="Default suite" finished-at="2023-07-13T14:47:31 IST" duration-ms="27531">
    <groups>
    </groups>
    <test started-at="2023-07-13T14:47:03 IST" name="Default test" finished-at="2023-07-13T14:47:31 IST" duration-ms="27531">
      <class name="testcases.orangehrmtestsuite">
        <test-method is-config="true" signature="launchapp()[pri:0, instance:testcases.orangehrmtestsuite@6253c26]" started-at="2023-07-13T14:46:58 IST" name="launchapp" finished-at="2023-07-13T14:47:03 IST" duration-ms="4967" status="PASS">
          <reporter-output>
          </reporter-output>
        </test-method> <!-- launchapp -->
        <test-method signature="checkorangehrm()[pri:0, instance:testcases.orangehrmtestsuite@6253c26]" started-at="2023-07-13T14:47:03 IST" name="checkorangehrm" finished-at="2023-07-13T14:47:31 IST" duration-ms="27416" status="PASS">
          <reporter-output>
          </reporter-output>
        </test-method> <!-- checkorangehrm -->
        <test-method is-config="true" signature="closeapp()[pri:0, instance:testcases.orangehrmtestsuite@6253c26]" started-at="2023-07-13T14:47:31 IST" name="closeapp" finished-at="2023-07-13T14:47:31 IST" duration-ms="231" status="PASS">
          <reporter-output>
          </reporter-output>
        </test-method> <!-- closeapp -->
      </class> <!-- testcases.orangehrmtestsuite -->
    </test> <!-- Default test -->
  </suite> <!-- Default suite -->
</testng-results>
